0 Italian
1 English
2 Italian
3 French
4 French
5 English
6 English
7 English
8 French
9 French
10 English
11 Italian
12 English
13 English
14 French
15 English
16 French
17 French
18 Italian
19 English
20 Italian
21 French
22 Italian
23 French
24 Italian
25 English
26 English
27 English
28 English
29 English
30 English
31 English
32 English
33 French
34 French
35 Italian
36 French
37 English
38 French
39 Italian
40 Italian
41 French
42 Italian
43 French
44 French
45 Italian
46 French
47 Italian
48 French
49 Italian
50 English
51 Italian
52 Italian
53 English
54 Italian
55 Italian
56 Italian
57 English
58 French
59 French
60 Italian
61 French
62 English
63 Italian
64 English
65 French
66 French
67 English
68 Italian
69 Italian
70 English
71 Italian
72 English
73 English
74 English
75 English
76 English
77 Italian
78 Italian
79 Italian
80 Italian
81 English
82 Italian
83 French
84 Italian
85 English
86 Italian
87 English
88 English
89 French
90 Italian
91 English
92 French
93 English
94 Italian
95 Italian
96 Italian
97 Italian
98 French
99 English
100 French
101 Italian
102 English
103 English
104 French
105 French
106 French
107 English
108 French
109 French
110 French
111 French
112 English
113 French
114 French
115 English
116 Italian
117 English
118 Italian
119 Italian
120 Italian
121 Italian
122 English
123 English
124 English
125 French
126 Italian
127 English
128 French
129 Italian
130 French
131 French
132 French
133 English
134 Italian
135 French
136 English
137 French
138 French
139 English
140 English
141 English
142 English
143 French
144 Italian
145 French
146 French
147 Italian
148 Italian
149 French
150 Italian
151 English
152 French
153 French
154 English
155 English
156 French
157 French
158 Italian
159 French
160 French
161 English
162 English
163 French
164 English
165 English
166 French
167 Italian
168 Italian
169 English
170 English
171 Italian
172 French
173 English
174 Italian
175 French
176 Italian
177 English
178 French
179 English
180 Italian
181 French
182 French
183 Italian
184 French
185 Italian
186 Italian
187 French
188 French
189 Italian
190 French
191 English
192 French
193 English
194 French
195 English
196 French
197 French
198 Italian
199 Italian
200 English
201 French
202 English
203 Italian
204 French
205 English
206 English
207 French
208 English
209 French
210 Italian
211 French
212 French
213 French
214 English
215 English
216 Italian
217 French
218 French
219 English
220 French
221 English
222 Italian
223 English
224 Italian
225 Italian
226 Italian
227 French
228 Italian
229 English
230 English
231 Italian
232 English
233 Italian
234 French
235 English
236 English
237 Italian
238 English
239 French
240 French
241 Italian
242 English
243 Italian
244 English
245 Italian
246 Italian
247 Italian
248 English
249 English
250 English
251 French
252 English
253 Italian
254 English
255 English
256 Italian
257 Italian
258 Italian
259 English
260 Italian
261 Italian
262 Italian
263 French
264 English
265 French
266 French
267 Italian
268 English
269 French
270 English
271 French
272 English
273 English
274 French
275 French
276 Italian
277 English
278 French
279 French
280 English
281 English
282 French
283 Italian
284 French
285 French
286 English
287 French
288 Italian
289 Italian
290 French
291 French
292 French
293 Italian
294 French
295 French
296 Italian
297 French
298 French
299 English
